<?xml version="1.0" encoding="UTF-8"?>
<!-- Generated by org.testng.reporters.JUnitReportReporter -->
<testsuite skipped="0" hostname="MX-IT01128" name="com.globant.autoTraningBackend.restAssured.JsonPlaceHolderRestTest" tests="3" failures="0" timestamp="05 Apr 2018 22:48:35 GMT" time="2.353" errors="0">
  <testcase name="testGetItem" time="1.822" classname="com.globant.autoTraningBackend.restAssured.JsonPlaceHolderRestTest"/>
  <testcase name="testGetItem" time="0.233" classname="com.globant.autoTraningBackend.restAssured.JsonPlaceHolderRestTest"/>
  <testcase name="testGetItem" time="0.298" classname="com.globant.autoTraningBackend.restAssured.JsonPlaceHolderRestTest"/>
</testsuite> <!-- com.globant.autoTraningBackend.restAssured.JsonPlaceHolderRestTest -->
