<?xml version="1.0" encoding="UTF-8"?>
<!-- Generated by org.testng.reporters.JUnitReportReporter -->
<testsuite skipped="0" hostname="MX-IT01128" name="com.globant.autoTraningBackend.restAssured.JsonPlaceHolderRestTest" tests="3" failures="0" timestamp="05 Apr 2018 22:57:59 GMT" time="2.024" errors="0">
  <testcase name="testGetItem" time="1.638" classname="com.globant.autoTraningBackend.restAssured.JsonPlaceHolderRestTest"/>
  <testcase name="testGetItem" time="0.203" classname="com.globant.autoTraningBackend.restAssured.JsonPlaceHolderRestTest"/>
  <testcase name="testGetItem" time="0.183" classname="com.globant.autoTraningBackend.restAssured.JsonPlaceHolderRestTest"/>
</testsuite> <!-- com.globant.autoTraningBackend.restAssured.JsonPlaceHolderRestTest -->
