<?xml version="1.0" encoding="UTF-8"?>
<!-- Generated by org.testng.reporters.JUnitReportReporter -->
<testsuite skipped="0" hostname="MX-IT01128" name="com.globant.autoTraningBackend.restAssured.JsonPlaceHolderRestTest" tests="3" failures="0" timestamp="10 Apr 2018 17:06:56 GMT" time="3.051" errors="0">
  <testcase name="testGetItem" time="2.410" classname="com.globant.autoTraningBackend.restAssured.JsonPlaceHolderRestTest"/>
  <testcase name="testGetItem" time="0.296" classname="com.globant.autoTraningBackend.restAssured.JsonPlaceHolderRestTest"/>
  <testcase name="testGetItem" time="0.345" classname="com.globant.autoTraningBackend.restAssured.JsonPlaceHolderRestTest"/>
</testsuite> <!-- com.globant.autoTraningBackend.restAssured.JsonPlaceHolderRestTest -->
