<?xml version="1.0" encoding="UTF-8"?>
<!-- Generated by org.testng.reporters.JUnitReportReporter -->
<testsuite skipped="0" hostname="MX-IT01128" name="com.globant.autoTraningBackend.restAssured.JsonPlaceHolderRestTest" tests="6" failures="0" timestamp="04 Apr 2018 17:00:26 GMT" time="4.243" errors="0">
  <testcase name="testValidateSchema" time="0.320" classname="com.globant.autoTraningBackend.restAssured.JsonPlaceHolderRestTest"/>
  <testcase name="testValidateSchema" time="1.776" classname="com.globant.autoTraningBackend.restAssured.JsonPlaceHolderRestTest"/>
  <testcase name="testValidateSchema" time="0.386" classname="com.globant.autoTraningBackend.restAssured.JsonPlaceHolderRestTest"/>
  <testcase name="testValidateSchema" time="0.318" classname="com.globant.autoTraningBackend.restAssured.JsonPlaceHolderRestTest"/>
  <testcase name="testValidateSchema" time="0.553" classname="com.globant.autoTraningBackend.restAssured.JsonPlaceHolderRestTest"/>
  <testcase name="testValidateSchema" time="0.890" classname="com.globant.autoTraningBackend.restAssured.JsonPlaceHolderRestTest"/>
</testsuite> <!-- com.globant.autoTraningBackend.restAssured.JsonPlaceHolderRestTest -->
